SuHeon/UnityVRProject/Library/Bee/Android/Prj/IL2CPP/Gradle/unityLibrary/build/outputs/logs/manifest-merger-release-report.txt
-- Merging decision tree log ---
manifest
ADDED from src\main\AndroidManifest.xml:2:1-40:12
INJECTED from src\main\AndroidManifest.xml:2:1-40:12
INJECTED from src\main\AndroidManifest.xml:2:1-40:12
	package
		INJECTED from src\main\AndroidManifest.xml
		ADDED from src\main\AndroidManifest.xml:2:1-40:12
		INJECTED from src\main\AndroidManifest.xml
	xmlns:tools
		ADDED from src\main\AndroidManifest.xml:2:70-116
	xmlns:android
		ADDED from src\main\AndroidManifest.xml:2:11-69
uses-permission#android.permission.INTERNET
ADDED from src\main\AndroidManifest.xml:3:3-65
	android:name
		ADDED from src\main\AndroidManifest.xml:3:20-62
uses-permission#android.permission.CAMERA
ADDED from src\main\AndroidManifest.xml:4:3-63
	android:name
		ADDED from src\main\AndroidManifest.xml:4:20-60
uses-feature#0x00030000
ADDED from src\main\AndroidManifest.xml:5:3-52
	android:glEsVersion
		ADDED from src\main\AndroidManifest.xml:5:17-49
uses-feature#android.hardware.camera
ADDED from src\main\AndroidManifest.xml:6:3-83
	android:required
		ADDED from src\main\AndroidManifest.xml:6:56-80
	android:name
		ADDED from src\main\AndroidManifest.xml:6:17-55
uses-feature#android.hardware.camera.autofocus
ADDED from src\main\AndroidManifest.xml:7:3-93
	android:required
		ADDED from src\main\AndroidManifest.xml:7:66-90
	android:name
		ADDED from src\main\AndroidManifest.xml:7:17-65
uses-feature#android.hardware.camera.front
ADDED from src\main\AndroidManifest.xml:8:3-89
	android:required
		ADDED from src\main\AndroidManifest.xml:8:62-86
	android:name
		ADDED from src\main\AndroidManifest.xml:8:17-61
uses-feature#android.hardware.touchscreen
ADDED from src\main\AndroidManifest.xml:9:3-88
	android:required
		ADDED from src\main\AndroidManifest.xml:9:61-85
	android:name
		ADDED from src\main\AndroidManifest.xml:9:17-60
uses-feature#android.hardware.touchscreen.multitouch
ADDED from src\main\AndroidManifest.xml:10:3-99
	android:required
		ADDED from src\main\AndroidManifest.xml:10:72-96
	android:name
		ADDED from src\main\AndroidManifest.xml:10:17-71
uses-feature#android.hardware.touchscreen.multitouch.distinct
ADDED from src\main\AndroidManifest.xml:11:3-108
	android:required
		ADDED from src\main\AndroidManifest.xml:11:81-105
	android:name
		ADDED from src\main\AndroidManifest.xml:11:17-80
application
ADDED from src\main\AndroidManifest.xml:12:3-37:17
	android:extractNativeLibs
		ADDED from src\main\AndroidManifest.xml:12:16-48
meta-data#unity.splash-mode
ADDED from src\main\AndroidManifest.xml:13:5-69
	android:value
		ADDED from src\main\AndroidManifest.xml:13:49-66
	android:name
		ADDED from src\main\AndroidManifest.xml:13:16-48
meta-data#unity.splash-enable
ADDED from src\main\AndroidManifest.xml:14:5-74
	android:value
		ADDED from src\main\AndroidManifest.xml:14:51-71
	android:name
		ADDED from src\main\AndroidManifest.xml:14:16-50
meta-data#unity.launch-fullscreen
ADDED from src\main\AndroidManifest.xml:15:5-78
	android:value
		ADDED from src\main\AndroidManifest.xml:15:55-75
	android:name
		ADDED from src\main\AndroidManifest.xml:15:16-54
meta-data#notch.config
ADDED from src\main\AndroidManifest.xml:16:5-81
	android:value
		ADDED from src\main\AndroidManifest.xml:16:44-78
	android:name
		ADDED from src\main\AndroidManifest.xml:16:16-43
meta-data#unity.auto-report-fully-drawn
ADDED from src\main\AndroidManifest.xml:17:5-84
	android:value
		ADDED from src\main\AndroidManifest.xml:17:61-81
	android:name
		ADDED from src\main\AndroidManifest.xml:17:16-60
meta-data#unity.strip-engine-code
ADDED from src\main\AndroidManifest.xml:18:5-78
	android:value
		ADDED from src\main\AndroidManifest.xml:18:55-75
	android:name
		ADDED from src\main\AndroidManifest.xml:18:16-54
activity#com.unity3d.player.UnityPlayerActivity
ADDED from src\main\AndroidManifest.xml:19:5-25:16
	android:screenOrientation
		ADDED from src\main\AndroidManifest.xml:19:402-439
	android:enabled
		ADDED from src\main\AndroidManifest.xml:19:197-220
	android:launchMode
		ADDED from src\main\AndroidManifest.xml:19:281-312
	android:hardwareAccelerated
		ADDED from src\main\AndroidManifest.xml:19:245-280
	android:exported
		ADDED from src\main\AndroidManifest.xml:19:221-244
	android:resizeableActivity
		ADDED from src\main\AndroidManifest.xml:19:367-401
	android:configChanges
		ADDED from src\main\AndroidManifest.xml:19:15-196
	android:theme
		ADDED from src\main\AndroidManifest.xml:19:440-481
	android:name
		ADDED from src\main\AndroidManifest.xml:19:313-366
intent-filter#action:name:android.intent.action.MAIN+category:name:android.intent.category.LAUNCHER
ADDED from src\main\AndroidManifest.xml:20:7-23:23
category#android.intent.category.LAUNCHER
ADDED from src\main\AndroidManifest.xml:21:9-69
	android:name
		ADDED from src\main\AndroidManifest.xml:21:19-66
action#android.intent.action.MAIN
ADDED from src\main\AndroidManifest.xml:22:9-61
	android:name
		ADDED from src\main\AndroidManifest.xml:22:17-58
meta-data#unityplayer.UnityActivity
ADDED from src\main\AndroidManifest.xml:24:7-82
	android:value
		ADDED from src\main\AndroidManifest.xml:24:59-79
	android:name
		ADDED from src\main\AndroidManifest.xml:24:18-58
activity#com.unity3d.player.UnityPlayerGameActivity
ADDED from src\main\AndroidManifest.xml:26:5-34:16
	android:screenOrientation
		ADDED from src\main\AndroidManifest.xml:26:405-442
	android:enabled
		ADDED from src\main\AndroidManifest.xml:26:197-219
	android:launchMode
		ADDED from src\main\AndroidManifest.xml:26:280-311
	android:hardwareAccelerated
		ADDED from src\main\AndroidManifest.xml:26:244-279
	android:exported
		ADDED from src\main\AndroidManifest.xml:26:220-243
	android:resizeableActivity
		ADDED from src\main\AndroidManifest.xml:26:370-404
	android:configChanges
		ADDED from src\main\AndroidManifest.xml:26:15-196
	android:theme
		ADDED from src\main\AndroidManifest.xml:26:443-492
	android:name
		ADDED from src\main\AndroidManifest.xml:26:312-369
meta-data#android.app.lib_name
ADDED from src\main\AndroidManifest.xml:32:7-77
	android:value
		ADDED from src\main\AndroidManifest.xml:32:54-74
	android:name
		ADDED from src\main\AndroidManifest.xml:32:18-53
meta-data#notch_support
ADDED from src\main\AndroidManifest.xml:33:7-70
	android:value
		ADDED from src\main\AndroidManifest.xml:33:47-67
	android:name
		ADDED from src\main\AndroidManifest.xml:33:18-46
meta-data#unityplayer.SkipPermissionsDialog
ADDED from src\main\AndroidManifest.xml:35:5-88
	android:value
		ADDED from src\main\AndroidManifest.xml:35:65-85
	android:name
		ADDED from src\main\AndroidManifest.xml:35:16-64
meta-data#com.google.ar.core
ADDED from src\main\AndroidManifest.xml:36:5-77
	android:value
		ADDED from src\main\AndroidManifest.xml:36:50-74
	android:name
		ADDED from src\main\AndroidManifest.xml:36:16-49
uses-feature#android.hardware.camera.ar
ADDED from src\main\AndroidManifest.xml:38:3-85
	android:required
		ADDED from src\main\AndroidManifest.xml:38:59-82
	android:name
		ADDED from src\main\AndroidManifest.xml:38:17-58
uses-feature#com.google.ar.core.depth
ADDED from src\main\AndroidManifest.xml:39:3-83
	android:required
		ADDED from src\main\AndroidManifest.xml:39:57-80
	android:name
		ADDED from src\main\AndroidManifest.xml:39:17-56
uses-sdk
INJECTED from src\main\AndroidManifest.xml reason: use-sdk injection requested
INJECTED from src\main\AndroidManifest.xml
INJECTED from src\main\AndroidManifest.xml
INJECTED from src\main\AndroidManifest.xml
INJECTED from src\main\AndroidManifest.xml
	android:targetSdkVersion
		INJECTED from src\main\AndroidManifest.xml
		ADDED from src\main\AndroidManifest.xml
		INJECTED from src\main\AndroidManifest.xml
	android:minSdkVersion
		INJECTED from src\main\AndroidManifest.xml
		ADDED from src\main\AndroidManifest.xml
		INJECTED from src\main\AndroidManifest.xml